<?xml version="1.0" encoding="UTF-8"?>
<!-- Generated by org.testng.reporters.JUnitXMLReporter -->
<testsuite ignored="0" hostname="DESKTOP-FKGOML4" failures="0" tests="5" name="SendMailTest" time="154.462" errors="0" timestamp="2021-04-28T15:02:35 EEST">
  <testcase classname="SendMailTest" name="testSendMailFromActiveAccount" time="67.349"/>
  <testcase classname="SendMailTest" name="testSendMailFromActiveAccount" time="69.511"/>
  <testcase classname="SendMailTest" name="testSendMailFromActiveAccount" time="71.174"/>
  <testcase classname="SendMailTest" name="testSendMailFromActiveAccount" time="58.709"/>
  <testcase classname="SendMailTest" name="testSendMailFromActiveAccount" time="58.929"/>
</testsuite> <!-- SendMailTest -->
