<?xml version="1.0" encoding="UTF-8"?>
<!-- Generated by org.testng.reporters.JUnitXMLReporter -->
<testsuite ignored="0" hostname="DESKTOP-FKGOML4" failures="0" tests="5" name="TestSendMail" time="121.954" errors="0" timestamp="2021-04-20T22:57:29 EEST">
  <testcase classname="SendMailTest" name="testSendMailFromActiveAccountCheckInSentDeleteLetter" time="53.939"/>
  <testcase classname="SendMailTest" name="testSendMailFromActiveAccountCheckInSentDeleteLetter" time="54.242"/>
  <testcase classname="SendMailTest" name="testSendMailFromActiveAccountCheckInSentDeleteLetter" time="54.218"/>
  <testcase classname="SendMailTest" name="testSendMailFromActiveAccountCheckInSentDeleteLetter" time="46.277"/>
  <testcase classname="SendMailTest" name="testSendMailFromActiveAccountCheckInSentDeleteLetter" time="46.634"/>
</testsuite> <!-- TestSendMail -->
