<?xml version="1.0" encoding="UTF-8"?>
<testsuite xmlns:xsi="http://www.w3.org/2001/XMLSchema-instance" xsi:noNamespaceSchemaLocation="https://maven.apache.org/surefire/maven-surefire-plugin/xsd/surefire-test-report-3.0.xsd" version="3.0" name="TestSuite" time="155.255" tests="5" errors="0" skipped="0" failures="0">
  <properties>
[...]
</properties>
  <testcase name="testSendMailFromActiveAccount[labepamone, lab123456epam, labepamreceiver@gmail.com, TestMail, Test Letter Text](1)" classname="SendMailTest" time="65.949">
    <system-out><![CDATA[SendMailTest
15:00:02.446 [TestNG-PoolService-1] DEBUG io.github.bonigarcia.wdm.cache.ResolutionCache - Resolution chrome=90 in cache (valid until 15:45:33 28/04/2021 EEST)
15:00:02.459 [TestNG-PoolService-1] DEBUG io.github.bonigarcia.wdm.cache.ResolutionCache - Resolution chrome90=90.0.4430.24 in cache (valid until 21:12:29 28/04/2021 EEST)
15:00:02.461 [TestNG-PoolService-1] INFO io.github.bonigarcia.wdm.WebDriverManager - Using chromedriver 90.0.4430.24 (resolved driver for Chrome 90)
15:00:02.513 [TestNG-PoolService-1] DEBUG io.github.bonigarcia.wdm.WebDriverManager - Driver chromedriver 90.0.4430.24 found in cache
15:00:02.516 [TestNG-PoolService-1] INFO io.github.bonigarcia.wdm.WebDriverManager - Exporting webdriver.chrome.driver as C:\Users\nazar\.cache\selenium\chromedriver\win32\90.0.4430.24\chromedriver.exe
15:00:02.543 [TestNG-PoolService-0] DEBUG io.github.bonigarcia.wdm.cache.ResolutionCache - Resolution chrome=90 in cache (valid until 15:45:33 28/04/2021 EEST)
15:00:02.545 [TestNG-PoolService-0] DEBUG io.github.bonigarcia.wdm.cache.ResolutionCache - Resolution chrome90=90.0.4430.24 in cache (valid until 21:12:29 28/04/2021 EEST)
15:00:02.546 [TestNG-PoolService-0] INFO io.github.bonigarcia.wdm.WebDriverManager - Using chromedriver 90.0.4430.24 (resolved driver for Chrome 90)
15:00:02.567 [TestNG-PoolService-0] DEBUG io.github.bonigarcia.wdm.WebDriverManager - Driver chromedriver 90.0.4430.24 found in cache
15:00:02.569 [TestNG-PoolService-0] INFO io.github.bonigarcia.wdm.WebDriverManager - Exporting webdriver.chrome.driver as C:\Users\nazar\.cache\selenium\chromedriver\win32\90.0.4430.24\chromedriver.exe
15:00:02.596 [TestNG-PoolService-2] DEBUG io.github.bonigarcia.wdm.cache.ResolutionCache - Resolution chrome=90 in cache (valid until 15:45:33 28/04/2021 EEST)
15:00:02.599 [TestNG-PoolService-2] DEBUG io.github.bonigarcia.wdm.cache.ResolutionCache - Resolution chrome90=90.0.4430.24 in cache (valid until 21:12:29 28/04/2021 EEST)
15:00:02.599 [TestNG-PoolService-2] INFO io.github.bonigarcia.wdm.WebDriverManager - Using chromedriver 90.0.4430.24 (resolved driver for Chrome 90)
15:00:02.625 [TestNG-PoolService-2] DEBUG io.github.bonigarcia.wdm.WebDriverManager - Driver chromedriver 90.0.4430.24 found in cache
15:00:02.627 [TestNG-PoolService-2] INFO io.github.bonigarcia.wdm.WebDriverManager - Exporting webdriver.chrome.driver as C:\Users\nazar\.cache\selenium\chromedriver\win32\90.0.4430.24\chromedriver.exe
testSendMailFromActiveAccount with parameters: 
[labepamone, lab123456epam, labepamreceiver@gmail.com, TestMail, Test Letter Text] STARTED!
testSendMailFromActiveAccount with parameters: 
[labepamthree, lab123456epam, labepamreceiver@gmail.com, TestMail, Test Letter Text] STARTED!
testSendMailFromActiveAccount with parameters: 
[labepamtwo, lab123456epam, labepamreceiver@gmail.com, TestMail, Test Letter Text] STARTED!
INFO SendMailTest: Successful login to account [[[labepamone]]]
INFO SendMailTest: Successful login to account [[[labepamthree]]]
INFO SendMailTest: Successful login to account [[[labepamtwo]]]
INFO SendMailTest: Mail composed by user [[[labepamone]]] and sent
INFO SendMailTest: Sent mail by user [[[labepamone]]] found in Sent section
INFO SendMailTest: Mail composed by user [[[labepamtwo]]] and sent
INFO SendMailTest: Sent mail by user [[[labepamtwo]]] found in Sent section
INFO SendMailTest: Mail composed by user [[[labepamthree]]] and sent
INFO SendMailTest: Sent mail by user [[[labepamthree]]] found in Sent section
INFO SendMailTest: Sent message by user [[[labepamone]]] was deleted
testSendMailFromActiveAccount with parameters: 
[labepamone, lab123456epam, labepamreceiver@gmail.com, TestMail, Test Letter Text] SUCCEED!
]]></system-out>
    <system-err><![CDATA[SSttaarrttiinngg  CChhrroommeDerDivrierve r90 .900..404.34403.024.2 (44 (c46dc865d80f5008f70d8a74da6476d79d2962e86ee8deddbd7b766555500aaeedd665555999911--rreeffss//bbrraanncchh--hheeaaddss//44443300@@{{##442299}}))  oonn  ppoorrtt  243987942
O
nOlnyl yl olcoacla l ccononnneectcitioonsn as rae rae lalolwloewde.d.
P
lPelaesaes e sseee eh htttptsp:s:///c/hchrormoemedrdirviever.r.cchhrroommiuimum..orogrg//sseecucruriittyy--ccoonnssiiddeerraattiioonnss  ffoorr suggestions on keep isngu ggChersotmioeDnrs ivoenr  skaefeepi.ng
 ChromeDriver safe.
Starting ChromeDriver 90.0.4430.24 (4cChr6odm8e5D0rfi0v8er7 dwaa4s 67sdt9ar2t6eed 8esdducbc7e6s5s5f0ualelyd.65
5991-refs/branch-heads/4430@{#429}) on port 22575
Only local connections are allowed.
Please see https://chromedriver.chromium.org/security-considerations for suggestions on keeping ChromeDriver safe.
ChromeDriver was started successfully.
ChromeDriver was started successfully.
квіт. 28, 2021 3:00:06 ПП org.openqa.selenium.remote.ProtocolHandshake createSession
INFO: Detected dialect: W3C
квіт. 28, 2021 3:00:07 ПП org.openqa.selenium.remote.ProtocolHandshake createSession
INFO: Detected dialect: W3C
квіт. 28, 2021 3:00:07 ПП org.openqa.selenium.remote.ProtocolHandshake createSession
INFO: Detected dialect: W3C
]]></system-err>
  </testcase>
  <testcase name="testSendMailFromActiveAccount[labepamtwo, lab123456epam, labepamreceiver@gmail.com, TestMail, Test Letter Text](2)" classname="SendMailTest" time="69.53">
    <system-out><![CDATA[15:01:20.664 [TestNG-PoolService-0] DEBUG io.github.bonigarcia.wdm.cache.ResolutionCache - Resolution chrome=90 in cache (valid until 15:45:33 28/04/2021 EEST)
15:01:20.665 [TestNG-PoolService-0] DEBUG io.github.bonigarcia.wdm.cache.ResolutionCache - Resolution chrome90=90.0.4430.24 in cache (valid until 21:12:29 28/04/2021 EEST)
15:01:20.665 [TestNG-PoolService-0] INFO io.github.bonigarcia.wdm.WebDriverManager - Using chromedriver 90.0.4430.24 (resolved driver for Chrome 90)
15:01:20.673 [TestNG-PoolService-0] DEBUG io.github.bonigarcia.wdm.WebDriverManager - Driver chromedriver 90.0.4430.24 found in cache
15:01:20.674 [TestNG-PoolService-0] INFO io.github.bonigarcia.wdm.WebDriverManager - Exporting webdriver.chrome.driver as C:\Users\nazar\.cache\selenium\chromedriver\win32\90.0.4430.24\chromedriver.exe
INFO SendMailTest: Sent message by user [[[labepamtwo]]] was deleted
testSendMailFromActiveAccount with parameters: 
[labepamtwo, lab123456epam, labepamreceiver@gmail.com, TestMail, Test Letter Text] SUCCEED!
]]></system-out>
    <system-err><![CDATA[Starting ChromeDriver 90.0.4430.24 (4c6d850f087da467d926e8eddb76550aed655991-refs/branch-heads/4430@{#429}) on port 25680
Only local connections are allowed.
Please see https://chromedriver.chromium.org/security-considerations for suggestions on keeping ChromeDriver safe.
ChromeDriver was started successfully.
квіт. 28, 2021 3:01:22 ПП org.openqa.selenium.remote.ProtocolHandshake createSession
INFO: Detected dialect: W3C
]]></system-err>
  </testcase>
  <testcase name="testSendMailFromActiveAccount[labepamthree, lab123456epam, labepamreceiver@gmail.com, TestMail, Test Letter Text](3)" classname="SendMailTest" time="70.839">
    <system-out><![CDATA[INFO SendMailTest: Sent message by user [[[labepamthree]]] was deleted
testSendMailFromActiveAccount with parameters: 
[labepamthree, lab123456epam, labepamreceiver@gmail.com, TestMail, Test Letter Text] SUCCEED!
]]></system-out>
  </testcase>
  <testcase name="testSendMailFromActiveAccount[labepamfour, lab123456epam, labepamreceiver@gmail.com, TestMail, Test Letter Text](4)" classname="SendMailTest" time="47.838">
    <system-out><![CDATA[testSendMailFromActiveAccount with parameters: 
[labepamfour, lab123456epam, labepamreceiver@gmail.com, TestMail, Test Letter Text] STARTED!
INFO SendMailTest: Successful login to account [[[labepamfour]]]
15:01:29.542 [TestNG-PoolService-1] DEBUG io.github.bonigarcia.wdm.cache.ResolutionCache - Resolution chrome=90 in cache (valid until 15:45:33 28/04/2021 EEST)
15:01:29.544 [TestNG-PoolService-1] DEBUG io.github.bonigarcia.wdm.cache.ResolutionCache - Resolution chrome90=90.0.4430.24 in cache (valid until 21:12:29 28/04/2021 EEST)
15:01:29.544 [TestNG-PoolService-1] INFO io.github.bonigarcia.wdm.WebDriverManager - Using chromedriver 90.0.4430.24 (resolved driver for Chrome 90)
15:01:29.558 [TestNG-PoolService-1] DEBUG io.github.bonigarcia.wdm.WebDriverManager - Driver chromedriver 90.0.4430.24 found in cache
15:01:29.560 [TestNG-PoolService-1] INFO io.github.bonigarcia.wdm.WebDriverManager - Exporting webdriver.chrome.driver as C:\Users\nazar\.cache\selenium\chromedriver\win32\90.0.4430.24\chromedriver.exe
testSendMailFromActiveAccount with parameters: 
[labepamfive, lab123456epam, labepamreceiver@gmail.com, TestMail, Test Letter Text] STARTED!
INFO SendMailTest: Successful login to account [[[labepamfive]]]
INFO SendMailTest: Mail composed by user [[[labepamfour]]] and sent
INFO SendMailTest: Sent mail by user [[[labepamfour]]] found in Sent section
INFO SendMailTest: Mail composed by user [[[labepamfive]]] and sent
INFO SendMailTest: Sent message by user [[[labepamfour]]] was deleted
testSendMailFromActiveAccount with parameters: 
[labepamfour, lab123456epam, labepamreceiver@gmail.com, TestMail, Test Letter Text] SUCCEED!
]]></system-out>
    <system-err><![CDATA[Starting ChromeDriver 90.0.4430.24 (4c6d850f087da467d926e8eddb76550aed655991-refs/branch-heads/4430@{#429}) on port 22949
Only local connections are allowed.
Please see https://chromedriver.chromium.org/security-considerations for suggestions on keeping ChromeDriver safe.
ChromeDriver was started successfully.
квіт. 28, 2021 3:01:31 ПП org.openqa.selenium.remote.ProtocolHandshake createSession
INFO: Detected dialect: W3C
]]></system-err>
  </testcase>
  <testcase name="testSendMailFromActiveAccount[labepamfive, lab123456epam, labepamreceiver@gmail.com, TestMail, Test Letter Text](5)" classname="SendMailTest" time="58.765">
    <system-out><![CDATA[INFO SendMailTest: Sent mail by user [[[labepamfive]]] found in Sent section
INFO SendMailTest: Sent message by user [[[labepamfive]]] was deleted
testSendMailFromActiveAccount with parameters: 
[labepamfive, lab123456epam, labepamreceiver@gmail.com, TestMail, Test Letter Text] SUCCEED!
]]></system-out>
  </testcase>
</testsuite>