<?xml version="1.0" encoding="UTF-8"?>
<testsuite xmlns:xsi="http://www.w3.org/2001/XMLSchema-instance" xsi:noNamespaceSchemaLocation="https://maven.apache.org/surefire/maven-surefire-plugin/xsd/surefire-test-report-3.0.xsd" version="3.0" name="TestSuite" time="124.357" tests="5" errors="0" skipped="0" failures="1">
  <properties>
[...]
</properties>
  <testcase name="testSendMailFromActiveAccountCheckInSentDeleteLetter[labepamone, lab123456epam, labepamreceiver@gmail.com, TestMail, Test Letter Text](1)" classname="SendMailTest" time="55.62">
    <failure message="stale element reference: element is not attached to the page document&#10;  (Session info: chrome=90.0.4430.85)&#10;For documentation on this error, please visit: https://www.seleniumhq.org/exceptions/stale_element_reference.html&#10;Build info: version: &apos;3.141.59&apos;, revision: &apos;e82be7d358&apos;, time: &apos;2018-11-14T08:17:03&apos;&#10;System info: host: &apos;DESKTOP-FKGOML4&apos;, ip: &apos;192.168.1.103&apos;, os.name: &apos;Windows 10&apos;, os.arch: &apos;amd64&apos;, os.version: &apos;10.0&apos;, java.version: &apos;15.0.2&apos;&#10;Driver info: org.openqa.selenium.chrome.ChromeDriver&#10;Capabilities {acceptInsecureCerts: false, browserName: chrome, browserVersion: 90.0.4430.85, chrome: {chromedriverVersion: 90.0.4430.24 (4c6d850f087da..., userDataDir: C:\Users\nazar\AppData\Loca...}, goog:chromeOptions: {debuggerAddress: localhost:55033}, javascriptEnabled: true, networkConnectionEnabled: false, pageLoadStrategy: normal, platform: WINDOWS, platformName: WINDOWS, proxy: Proxy(), setWindowRect: true, strictFileInteractability: false, timeouts: {implicit: 0, pageLoad: 300000, script: 30000}, unhandledPromptBehavior: dismiss and notify, webauthn:extension:largeBlob: true, webauthn:virtualAuthenticators: true}&#10;Session ID: 5da695634b20cea3b5a06f10b7b6d343" type="org.openqa.selenium.StaleElementReferenceException"><![CDATA[org.openqa.selenium.StaleElementReferenceException: 
stale element reference: element is not attached to the page document
  (Session info: chrome=90.0.4430.85)
For documentation on this error, please visit: https://www.seleniumhq.org/exceptions/stale_element_reference.html
Build info: version: '3.141.59', revision: 'e82be7d358', time: '2018-11-14T08:17:03'
System info: host: 'DESKTOP-FKGOML4', ip: '192.168.1.103', os.name: 'Windows 10', os.arch: 'amd64', os.version: '10.0', java.version: '15.0.2'
Driver info: org.openqa.selenium.chrome.ChromeDriver
Capabilities {acceptInsecureCerts: false, browserName: chrome, browserVersion: 90.0.4430.85, chrome: {chromedriverVersion: 90.0.4430.24 (4c6d850f087da..., userDataDir: C:\Users\nazar\AppData\Loca...}, goog:chromeOptions: {debuggerAddress: localhost:55033}, javascriptEnabled: true, networkConnectionEnabled: false, pageLoadStrategy: normal, platform: WINDOWS, platformName: WINDOWS, proxy: Proxy(), setWindowRect: true, strictFileInteractability: false, timeouts: {implicit: 0, pageLoad: 300000, script: 30000}, unhandledPromptBehavior: dismiss and notify, webauthn:extension:largeBlob: true, webauthn:virtualAuthenticators: true}
Session ID: 5da695634b20cea3b5a06f10b7b6d343
	at SendMailTest.testSendMailFromActiveAccountCheckInSentDeleteLetter(SendMailTest.java:32)
]]></failure>
    <system-err><![CDATA[SLF4J: Failed to load class "org.slf4j.impl.StaticLoggerBinder".
SLF4J: Defaulting to no-operation (NOP) logger implementation
SLF4J: See http://www.slf4j.org/codes.html#StaticLoggerBinder for further details.
SSttaarrttiinng gC hChrroommeeDDrriivveerr 9 09.00..04.44340.3204. 2(44 c6(4d8c560df850807fda04867d79d2a6e84e6d7ddb976256e580aeeddd65b576959150-raeedf6s5/5b9r9anc1h--rehefsa/dsb/ra4n4c3h-0h@{ea#4ds29/}4)4 3o0n@{ p#4o2rt9 })2 9o54n0 po
rOntl y43 9lo33cal
O ncolnyn eloctcaiol ncs oanrnee alcltoiwoends. a
reP lealalseow esed.e 
hPtltpesa:se// scheero hmetdtrpsi:ve//r.cchrhormomieudmr.iovreg/rs.echcurroimtiuym-.coorngsi/dseercautriitony-sc foorn ssiudgegersattiioonnss o fno rk eseupgignegs tCihornosm eoDrni vkeere psafineg. C
hromeDriver safe.
CChhrroomemDerDirvievre rw awsa ssta rstedt asrutcceeds ssfuuclcleys.sf
ully.
Starting ChromeDriver 90.0.4430.24 (4c6d850f087da467d926e8eddb76550aed655991-refs/branch-heads/4430@{#429}) on port 45524
Only local connections are allowed.
Please see https://chromedriver.chromium.org/security-considerations for suggestions on keeping ChromeDriver safe.
ChromeDriver was started successfully.
квіт. 22, 2021 10:00:00 ПП org.openqa.selenium.remote.ProtocolHandshake createSession
INFO: Detected dialect: W3C
квіт. 22, 2021 10:00:01 ПП org.openqa.selenium.remote.ProtocolHandshake createSession
INFO: Detected dialect: W3C
квіт. 22, 2021 10:00:01 ПП org.openqa.selenium.remote.ProtocolHandshake createSession
INFO: Detected dialect: W3C
]]></system-err>
  </testcase>
  <testcase name="testSendMailFromActiveAccountCheckInSentDeleteLetter[labepamtwo, lab123456epam, labepamreceiver@gmail.com, TestMail, Test Letter Text](2)" classname="SendMailTest" time="55.818"/>
  <testcase name="testSendMailFromActiveAccountCheckInSentDeleteLetter[labepamthree, lab123456epam, labepamreceiver@gmail.com, TestMail, Test Letter Text](3)" classname="SendMailTest" time="56.814"/>
  <testcase name="testSendMailFromActiveAccountCheckInSentDeleteLetter[labepamfour, lab123456epam, labepamreceiver@gmail.com, TestMail, Test Letter Text](4)" classname="SendMailTest" time="45.718">
    <system-err><![CDATA[Starting ChromeDriver 90.0.4430.24 (4c6d850f087da467d926e8eddb76550aed655991-refs/branch-heads/4430@{#429}) on port 12903
Only local connections are allowed.
Please see https://chromedriver.chromium.org/security-considerations for suggestions on keeping ChromeDriver safe.
ChromeDriver was started successfully.
Starting ChromeDriver 90.0.4430.24 (4c6d850f087da467d926e8eddb76550aed655991-refs/branch-heads/4430@{#429}) on port 17021
Only local connections are allowed.
Please see https://chromedriver.chromium.org/security-considerations for suggestions on keeping ChromeDriver safe.
ChromeDriver was started successfully.
квіт. 22, 2021 10:01:08 ПП org.openqa.selenium.remote.ProtocolHandshake createSession
INFO: Detected dialect: W3C
квіт. 22, 2021 10:01:08 ПП org.openqa.selenium.remote.ProtocolHandshake createSession
INFO: Detected dialect: W3C
]]></system-err>
  </testcase>
  <testcase name="testSendMailFromActiveAccountCheckInSentDeleteLetter[labepamfive, lab123456epam, labepamreceiver@gmail.com, TestMail, Test Letter Text](5)" classname="SendMailTest" time="46.694"/>
</testsuite>