<?xml version="1.0" encoding="UTF-8"?>
<testng-results ignored="0" total="5" passed="5" failed="0" skipped="0">
  <reporter-output>
  </reporter-output>
  <suite started-at="2021-04-28T15:00:01 EEST" name="GmailTestSuite" finished-at="2021-04-28T15:02:35 EEST" duration-ms="154462">
    <groups>
    </groups>
    <test started-at="2021-04-28T15:00:01 EEST" name="SendMailTest" finished-at="2021-04-28T15:02:35 EEST" duration-ms="154462">
      <class name="SendMailTest">
        <test-method is-config="true" signature="setup()[pri:0, instance:SendMailTest@7a52f2a2]" started-at="2021-04-28T15:00:01 EEST" name="setup" finished-at="2021-04-28T15:00:01 EEST" duration-ms="145" status="PASS">
          <reporter-output>
          </reporter-output>
        </test-method> <!-- setup -->
        <test-method is-config="true" signature="testsSetUp()[pri:0, instance:SendMailTest@7a52f2a2]" started-at="2021-04-28T15:00:01 EEST" name="testsSetUp" finished-at="2021-04-28T15:00:13 EEST" duration-ms="11772" status="PASS">
          <reporter-output>
          </reporter-output>
        </test-method> <!-- testsSetUp -->
        <test-method is-config="true" signature="testsSetUp()[pri:0, instance:SendMailTest@7a52f2a2]" started-at="2021-04-28T15:00:01 EEST" name="testsSetUp" finished-at="2021-04-28T15:00:12 EEST" duration-ms="10698" status="PASS">
          <reporter-output>
          </reporter-output>
        </test-method> <!-- testsSetUp -->
        <test-method is-config="true" signature="testsSetUp()[pri:0, instance:SendMailTest@7a52f2a2]" started-at="2021-04-28T15:00:01 EEST" name="testsSetUp" finished-at="2021-04-28T15:00:13 EEST" duration-ms="12108" status="PASS">
          <reporter-output>
          </reporter-output>
        </test-method> <!-- testsSetUp -->
        <test-method signature="testSendMailFromActiveAccount(java.lang.String, java.lang.String, java.lang.String, java.lang.String, java.lang.String)[pri:0, instance:SendMailTest@7a52f2a2]" started-at="2021-04-28T15:00:12 EEST" name="testSendMailFromActiveAccount" data-provider="users" finished-at="2021-04-28T15:01:19 EEST" duration-ms="67349" status="PASS">
          <params>
            <param index="0">
              <value>
                <![CDATA[labepamone]]>
              </value>
            </param>
            <param index="1">
              <value>
                <![CDATA[lab123456epam]]>
              </value>
            </param>
            <param index="2">
              <value>
                <![CDATA[labepamreceiver@gmail.com]]>
              </value>
            </param>
            <param index="3">
              <value>
                <![CDATA[TestMail]]>
              </value>
            </param>
            <param index="4">
              <value>
                <![CDATA[Test Letter Text]]>
              </value>
            </param>
          </params>
          <reporter-output>
          </reporter-output>
        </test-method> <!-- testSendMailFromActiveAccount -->
        <test-method signature="testSendMailFromActiveAccount(java.lang.String, java.lang.String, java.lang.String, java.lang.String, java.lang.String)[pri:0, instance:SendMailTest@7a52f2a2]" started-at="2021-04-28T15:00:13 EEST" name="testSendMailFromActiveAccount" data-provider="users" finished-at="2021-04-28T15:01:24 EEST" duration-ms="71174" status="PASS">
          <params>
            <param index="0">
              <value>
                <![CDATA[labepamthree]]>
              </value>
            </param>
            <param index="1">
              <value>
                <![CDATA[lab123456epam]]>
              </value>
            </param>
            <param index="2">
              <value>
                <![CDATA[labepamreceiver@gmail.com]]>
              </value>
            </param>
            <param index="3">
              <value>
                <![CDATA[TestMail]]>
              </value>
            </param>
            <param index="4">
              <value>
                <![CDATA[Test Letter Text]]>
              </value>
            </param>
          </params>
          <reporter-output>
          </reporter-output>
        </test-method> <!-- testSendMailFromActiveAccount -->
        <test-method signature="testSendMailFromActiveAccount(java.lang.String, java.lang.String, java.lang.String, java.lang.String, java.lang.String)[pri:0, instance:SendMailTest@7a52f2a2]" started-at="2021-04-28T15:00:13 EEST" name="testSendMailFromActiveAccount" data-provider="users" finished-at="2021-04-28T15:01:23 EEST" duration-ms="69511" status="PASS">
          <params>
            <param index="0">
              <value>
                <![CDATA[labepamtwo]]>
              </value>
            </param>
            <param index="1">
              <value>
                <![CDATA[lab123456epam]]>
              </value>
            </param>
            <param index="2">
              <value>
                <![CDATA[labepamreceiver@gmail.com]]>
              </value>
            </param>
            <param index="3">
              <value>
                <![CDATA[TestMail]]>
              </value>
            </param>
            <param index="4">
              <value>
                <![CDATA[Test Letter Text]]>
              </value>
            </param>
          </params>
          <reporter-output>
          </reporter-output>
        </test-method> <!-- testSendMailFromActiveAccount -->
        <test-method is-config="true" signature="tearDown()[pri:0, instance:SendMailTest@7a52f2a2]" started-at="2021-04-28T15:01:19 EEST" name="tearDown" finished-at="2021-04-28T15:01:20 EEST" duration-ms="1011" status="PASS">
          <reporter-output>
          </reporter-output>
        </test-method> <!-- tearDown -->
        <test-method is-config="true" signature="testsSetUp()[pri:0, instance:SendMailTest@7a52f2a2]" started-at="2021-04-28T15:01:20 EEST" name="testsSetUp" finished-at="2021-04-28T15:01:25 EEST" duration-ms="4635" status="PASS">
          <reporter-output>
          </reporter-output>
        </test-method> <!-- testsSetUp -->
        <test-method is-config="true" signature="tearDown()[pri:0, instance:SendMailTest@7a52f2a2]" started-at="2021-04-28T15:01:23 EEST" name="tearDown" finished-at="2021-04-28T15:01:29 EEST" duration-ms="6324" status="PASS">
          <reporter-output>
          </reporter-output>
        </test-method> <!-- tearDown -->
        <test-method is-config="true" signature="tearDown()[pri:0, instance:SendMailTest@7a52f2a2]" started-at="2021-04-28T15:01:24 EEST" name="tearDown" finished-at="2021-04-28T15:01:29 EEST" duration-ms="5193" status="PASS">
          <reporter-output>
          </reporter-output>
        </test-method> <!-- tearDown -->
        <test-method signature="testSendMailFromActiveAccount(java.lang.String, java.lang.String, java.lang.String, java.lang.String, java.lang.String)[pri:0, instance:SendMailTest@7a52f2a2]" started-at="2021-04-28T15:01:25 EEST" name="testSendMailFromActiveAccount" data-provider="users" finished-at="2021-04-28T15:02:23 EEST" duration-ms="58709" status="PASS">
          <params>
            <param index="0">
              <value>
                <![CDATA[labepamfour]]>
              </value>
            </param>
            <param index="1">
              <value>
                <![CDATA[lab123456epam]]>
              </value>
            </param>
            <param index="2">
              <value>
                <![CDATA[labepamreceiver@gmail.com]]>
              </value>
            </param>
            <param index="3">
              <value>
                <![CDATA[TestMail]]>
              </value>
            </param>
            <param index="4">
              <value>
                <![CDATA[Test Letter Text]]>
              </value>
            </param>
          </params>
          <reporter-output>
          </reporter-output>
        </test-method> <!-- testSendMailFromActiveAccount -->
        <test-method is-config="true" signature="testsSetUp()[pri:0, instance:SendMailTest@7a52f2a2]" started-at="2021-04-28T15:01:29 EEST" name="testsSetUp" finished-at="2021-04-28T15:01:35 EEST" duration-ms="6467" status="PASS">
          <reporter-output>
          </reporter-output>
        </test-method> <!-- testsSetUp -->
        <test-method signature="testSendMailFromActiveAccount(java.lang.String, java.lang.String, java.lang.String, java.lang.String, java.lang.String)[pri:0, instance:SendMailTest@7a52f2a2]" started-at="2021-04-28T15:01:35 EEST" name="testSendMailFromActiveAccount" data-provider="users" finished-at="2021-04-28T15:02:34 EEST" duration-ms="58929" status="PASS">
          <params>
            <param index="0">
              <value>
                <![CDATA[labepamfive]]>
              </value>
            </param>
            <param index="1">
              <value>
                <![CDATA[lab123456epam]]>
              </value>
            </param>
            <param index="2">
              <value>
                <![CDATA[labepamreceiver@gmail.com]]>
              </value>
            </param>
            <param index="3">
              <value>
                <![CDATA[TestMail]]>
              </value>
            </param>
            <param index="4">
              <value>
                <![CDATA[Test Letter Text]]>
              </value>
            </param>
          </params>
          <reporter-output>
          </reporter-output>
        </test-method> <!-- testSendMailFromActiveAccount -->
        <test-method is-config="true" signature="tearDown()[pri:0, instance:SendMailTest@7a52f2a2]" started-at="2021-04-28T15:02:23 EEST" name="tearDown" finished-at="2021-04-28T15:02:25 EEST" duration-ms="1529" status="PASS">
          <reporter-output>
          </reporter-output>
        </test-method> <!-- tearDown -->
        <test-method is-config="true" signature="tearDown()[pri:0, instance:SendMailTest@7a52f2a2]" started-at="2021-04-28T15:02:34 EEST" name="tearDown" finished-at="2021-04-28T15:02:35 EEST" duration-ms="894" status="PASS">
          <reporter-output>
          </reporter-output>
        </test-method> <!-- tearDown -->
      </class> <!-- SendMailTest -->
    </test> <!-- SendMailTest -->
  </suite> <!-- GmailTestSuite -->
</testng-results>
