<?xml version="1.0" encoding="UTF-8"?>
<testng-results ignored="0" total="5" passed="4" failed="1" skipped="0">
  <reporter-output>
  </reporter-output>
  <suite started-at="2021-04-22T21:59:56 EEST" name="GmailTestSuite" finished-at="2021-04-22T22:01:59 EEST" duration-ms="123597">
    <groups>
    </groups>
    <test started-at="2021-04-22T21:59:56 EEST" name="TestSendMail" finished-at="2021-04-22T22:01:59 EEST" duration-ms="123597">
      <class name="SendMailTest">
        <test-method is-config="true" signature="testsSetUp()[pri:0, instance:SendMailTest@d83da2e]" started-at="2021-04-22T21:59:56 EEST" name="testsSetUp" finished-at="2021-04-22T22:00:06 EEST" duration-ms="10609" status="PASS">
          <reporter-output>
          </reporter-output>
        </test-method> <!-- testsSetUp -->
        <test-method is-config="true" signature="testsSetUp()[pri:0, instance:SendMailTest@d83da2e]" started-at="2021-04-22T21:59:56 EEST" name="testsSetUp" finished-at="2021-04-22T22:00:07 EEST" duration-ms="11626" status="PASS">
          <reporter-output>
          </reporter-output>
        </test-method> <!-- testsSetUp -->
        <test-method is-config="true" signature="testsSetUp()[pri:0, instance:SendMailTest@d83da2e]" started-at="2021-04-22T21:59:56 EEST" name="testsSetUp" finished-at="2021-04-22T22:00:06 EEST" duration-ms="10332" status="PASS">
          <reporter-output>
          </reporter-output>
        </test-method> <!-- testsSetUp -->
        <test-method signature="testSendMailFromActiveAccountCheckInSentDeleteLetter(java.lang.String, java.lang.String, java.lang.String, java.lang.String, java.lang.String)[pri:0, instance:SendMailTest@d83da2e]" started-at="2021-04-22T22:00:06 EEST" name="testSendMailFromActiveAccountCheckInSentDeleteLetter" data-provider="users" finished-at="2021-04-22T22:01:03 EEST" duration-ms="57112" status="PASS">
          <params>
            <param index="0">
              <value>
                <![CDATA[labepamtwo]]>
              </value>
            </param>
            <param index="1">
              <value>
                <![CDATA[lab123456epam]]>
              </value>
            </param>
            <param index="2">
              <value>
                <![CDATA[labepamreceiver@gmail.com]]>
              </value>
            </param>
            <param index="3">
              <value>
                <![CDATA[TestMail]]>
              </value>
            </param>
            <param index="4">
              <value>
                <![CDATA[Test Letter Text]]>
              </value>
            </param>
          </params>
          <reporter-output>
          </reporter-output>
        </test-method> <!-- testSendMailFromActiveAccountCheckInSentDeleteLetter -->
        <test-method signature="testSendMailFromActiveAccountCheckInSentDeleteLetter(java.lang.String, java.lang.String, java.lang.String, java.lang.String, java.lang.String)[pri:0, instance:SendMailTest@d83da2e]" started-at="2021-04-22T22:00:06 EEST" name="testSendMailFromActiveAccountCheckInSentDeleteLetter" data-provider="users" finished-at="2021-04-22T22:01:04 EEST" duration-ms="57834" status="PASS">
          <params>
            <param index="0">
              <value>
                <![CDATA[labepamthree]]>
              </value>
            </param>
            <param index="1">
              <value>
                <![CDATA[lab123456epam]]>
              </value>
            </param>
            <param index="2">
              <value>
                <![CDATA[labepamreceiver@gmail.com]]>
              </value>
            </param>
            <param index="3">
              <value>
                <![CDATA[TestMail]]>
              </value>
            </param>
            <param index="4">
              <value>
                <![CDATA[Test Letter Text]]>
              </value>
            </param>
          </params>
          <reporter-output>
          </reporter-output>
        </test-method> <!-- testSendMailFromActiveAccountCheckInSentDeleteLetter -->
        <test-method signature="testSendMailFromActiveAccountCheckInSentDeleteLetter(java.lang.String, java.lang.String, java.lang.String, java.lang.String, java.lang.String)[pri:0, instance:SendMailTest@d83da2e]" started-at="2021-04-22T22:00:07 EEST" name="testSendMailFromActiveAccountCheckInSentDeleteLetter" data-provider="users" finished-at="2021-04-22T22:01:03 EEST" duration-ms="55601" status="FAIL">
          <params>
            <param index="0">
              <value>
                <![CDATA[labepamone]]>
              </value>
            </param>
            <param index="1">
              <value>
                <![CDATA[lab123456epam]]>
              </value>
            </param>
            <param index="2">
              <value>
                <![CDATA[labepamreceiver@gmail.com]]>
              </value>
            </param>
            <param index="3">
              <value>
                <![CDATA[TestMail]]>
              </value>
            </param>
            <param index="4">
              <value>
                <![CDATA[Test Letter Text]]>
              </value>
            </param>
          </params>
          <exception class="org.openqa.selenium.StaleElementReferenceException">
            <message>
              <![CDATA[stale element reference: element is not attached to the page document
  (Session info: chrome=90.0.4430.85)
For documentation on this error, please visit: https://www.seleniumhq.org/exceptions/stale_element_reference.html
Build info: version: '3.141.59', revision: 'e82be7d358', time: '2018-11-14T08:17:03'
System info: host: 'DESKTOP-FKGOML4', ip: '192.168.1.103', os.name: 'Windows 10', os.arch: 'amd64', os.version: '10.0', java.version: '15.0.2'
Driver info: org.openqa.selenium.chrome.ChromeDriver
Capabilities {acceptInsecureCerts: false, browserName: chrome, browserVersion: 90.0.4430.85, chrome: {chromedriverVersion: 90.0.4430.24 (4c6d850f087da..., userDataDir: C:\Users\nazar\AppData\Loca...}, goog:chromeOptions: {debuggerAddress: localhost:55033}, javascriptEnabled: true, networkConnectionEnabled: false, pageLoadStrategy: normal, platform: WINDOWS, platformName: WINDOWS, proxy: Proxy(), setWindowRect: true, strictFileInteractability: false, timeouts: {implicit: 0, pageLoad: 300000, script: 30000}, unhandledPromptBehavior: dismiss and notify, webauthn:extension:largeBlob: true, webauthn:virtualAuthenticators: true}
Session ID: 5da695634b20cea3b5a06f10b7b6d343]]>
            </message>
            <full-stacktrace>
              <![CDATA[org.openqa.selenium.StaleElementReferenceException: stale element reference: element is not attached to the page document
  (Session info: chrome=90.0.4430.85)
For documentation on this error, please visit: https://www.seleniumhq.org/exceptions/stale_element_reference.html
Build info: version: '3.141.59', revision: 'e82be7d358', time: '2018-11-14T08:17:03'
System info: host: 'DESKTOP-FKGOML4', ip: '192.168.1.103', os.name: 'Windows 10', os.arch: 'amd64', os.version: '10.0', java.version: '15.0.2'
Driver info: org.openqa.selenium.chrome.ChromeDriver
Capabilities {acceptInsecureCerts: false, browserName: chrome, browserVersion: 90.0.4430.85, chrome: {chromedriverVersion: 90.0.4430.24 (4c6d850f087da..., userDataDir: C:\Users\nazar\AppData\Loca...}, goog:chromeOptions: {debuggerAddress: localhost:55033}, javascriptEnabled: true, networkConnectionEnabled: false, pageLoadStrategy: normal, platform: WINDOWS, platformName: WINDOWS, proxy: Proxy(), setWindowRect: true, strictFileInteractability: false, timeouts: {implicit: 0, pageLoad: 300000, script: 30000}, unhandledPromptBehavior: dismiss and notify, webauthn:extension:largeBlob: true, webauthn:virtualAuthenticators: true}
Session ID: 5da695634b20cea3b5a06f10b7b6d343
at java.base/jdk.internal.reflect.NativeConstructorAccessorImpl.newInstance0(Native Method)
at java.base/jdk.internal.reflect.NativeConstructorAccessorImpl.newInstance(NativeConstructorAccessorImpl.java:64)
at java.base/jdk.internal.reflect.DelegatingConstructorAccessorImpl.newInstance(DelegatingConstructorAccessorImpl.java:45)
at java.base/java.lang.reflect.Constructor.newInstanceWithCaller(Constructor.java:500)
at java.base/java.lang.reflect.Constructor.newInstance(Constructor.java:481)
at org.openqa.selenium.remote.http.W3CHttpResponseCodec.createException(W3CHttpResponseCodec.java:187)
at org.openqa.selenium.remote.http.W3CHttpResponseCodec.decode(W3CHttpResponseCodec.java:122)
at org.openqa.selenium.remote.http.W3CHttpResponseCodec.decode(W3CHttpResponseCodec.java:49)
at org.openqa.selenium.remote.HttpCommandExecutor.execute(HttpCommandExecutor.java:158)
at org.openqa.selenium.remote.service.DriverCommandExecutor.execute(DriverCommandExecutor.java:83)
at org.openqa.selenium.remote.RemoteWebDriver.execute(RemoteWebDriver.java:552)
at org.openqa.selenium.remote.RemoteWebElement.execute(RemoteWebElement.java:285)
at org.openqa.selenium.remote.RemoteWebElement.getText(RemoteWebElement.java:166)
at java.base/jdk.internal.reflect.NativeMethodAccessorImpl.invoke0(Native Method)
at java.base/jdk.internal.reflect.NativeMethodAccessorImpl.invoke(NativeMethodAccessorImpl.java:64)
at java.base/jdk.internal.reflect.DelegatingMethodAccessorImpl.invoke(DelegatingMethodAccessorImpl.java:43)
at java.base/java.lang.reflect.Method.invoke(Method.java:564)
at org.openqa.selenium.support.pagefactory.internal.LocatingElementHandler.invoke(LocatingElementHandler.java:51)
at com.sun.proxy.$Proxy10.getText(Unknown Source)
at SentPage.getLetterText(SentPage.java:40)
at SendMailTest.testSendMailFromActiveAccountCheckInSentDeleteLetter(SendMailTest.java:32)
at java.base/jdk.internal.reflect.NativeMethodAccessorImpl.invoke0(Native Method)
at java.base/jdk.internal.reflect.NativeMethodAccessorImpl.invoke(NativeMethodAccessorImpl.java:64)
at java.base/jdk.internal.reflect.DelegatingMethodAccessorImpl.invoke(DelegatingMethodAccessorImpl.java:43)
at java.base/java.lang.reflect.Method.invoke(Method.java:564)
at org.testng.internal.MethodInvocationHelper.invokeMethod(MethodInvocationHelper.java:132)
at org.testng.internal.TestInvoker.invokeMethod(TestInvoker.java:599)
at org.testng.internal.TestInvoker.invokeTestMethod(TestInvoker.java:174)
at org.testng.internal.TestMethodWithDataProviderMethodWorker.call(TestMethodWithDataProviderMethodWorker.java:77)
at org.testng.internal.TestMethodWithDataProviderMethodWorker.call(TestMethodWithDataProviderMethodWorker.java:15)
at java.base/java.util.concurrent.FutureTask.run(FutureTask.java:264)
at java.base/java.util.concurrent.Executors$RunnableAdapter.call(Executors.java:515)
at java.base/java.util.concurrent.FutureTask.run(FutureTask.java:264)
at java.base/java.util.concurrent.ThreadPoolExecutor.runWorker(ThreadPoolExecutor.java:1130)
at java.base/java.util.concurrent.ThreadPoolExecutor$Worker.run(ThreadPoolExecutor.java:630)
at java.base/java.lang.Thread.run(Thread.java:832)
]]>
            </full-stacktrace>
          </exception> <!-- org.openqa.selenium.StaleElementReferenceException -->
          <reporter-output>
          </reporter-output>
        </test-method> <!-- testSendMailFromActiveAccountCheckInSentDeleteLetter -->
        <test-method is-config="true" signature="tearDown()[pri:0, instance:SendMailTest@d83da2e]" started-at="2021-04-22T22:01:03 EEST" name="tearDown" finished-at="2021-04-22T22:01:05 EEST" duration-ms="2346" status="PASS">
          <reporter-output>
          </reporter-output>
        </test-method> <!-- tearDown -->
        <test-method is-config="true" signature="tearDown()[pri:0, instance:SendMailTest@d83da2e]" started-at="2021-04-22T22:01:03 EEST" name="tearDown" finished-at="2021-04-22T22:01:05 EEST" duration-ms="2160" status="PASS">
          <reporter-output>
          </reporter-output>
        </test-method> <!-- tearDown -->
        <test-method is-config="true" signature="tearDown()[pri:0, instance:SendMailTest@d83da2e]" started-at="2021-04-22T22:01:04 EEST" name="tearDown" finished-at="2021-04-22T22:01:06 EEST" duration-ms="1334" status="PASS">
          <reporter-output>
          </reporter-output>
        </test-method> <!-- tearDown -->
        <test-method is-config="true" signature="testsSetUp()[pri:0, instance:SendMailTest@d83da2e]" started-at="2021-04-22T22:01:05 EEST" name="testsSetUp" finished-at="2021-04-22T22:01:11 EEST" duration-ms="6109" status="PASS">
          <reporter-output>
          </reporter-output>
        </test-method> <!-- testsSetUp -->
        <test-method is-config="true" signature="testsSetUp()[pri:0, instance:SendMailTest@d83da2e]" started-at="2021-04-22T22:01:05 EEST" name="testsSetUp" finished-at="2021-04-22T22:01:12 EEST" duration-ms="6199" status="PASS">
          <reporter-output>
          </reporter-output>
        </test-method> <!-- testsSetUp -->
        <test-method signature="testSendMailFromActiveAccountCheckInSentDeleteLetter(java.lang.String, java.lang.String, java.lang.String, java.lang.String, java.lang.String)[pri:0, instance:SendMailTest@d83da2e]" started-at="2021-04-22T22:01:11 EEST" name="testSendMailFromActiveAccountCheckInSentDeleteLetter" data-provider="users" finished-at="2021-04-22T22:01:57 EEST" duration-ms="45824" status="PASS">
          <params>
            <param index="0">
              <value>
                <![CDATA[labepamfour]]>
              </value>
            </param>
            <param index="1">
              <value>
                <![CDATA[lab123456epam]]>
              </value>
            </param>
            <param index="2">
              <value>
                <![CDATA[labepamreceiver@gmail.com]]>
              </value>
            </param>
            <param index="3">
              <value>
                <![CDATA[TestMail]]>
              </value>
            </param>
            <param index="4">
              <value>
                <![CDATA[Test Letter Text]]>
              </value>
            </param>
          </params>
          <reporter-output>
          </reporter-output>
        </test-method> <!-- testSendMailFromActiveAccountCheckInSentDeleteLetter -->
        <test-method signature="testSendMailFromActiveAccountCheckInSentDeleteLetter(java.lang.String, java.lang.String, java.lang.String, java.lang.String, java.lang.String)[pri:0, instance:SendMailTest@d83da2e]" started-at="2021-04-22T22:01:12 EEST" name="testSendMailFromActiveAccountCheckInSentDeleteLetter" data-provider="users" finished-at="2021-04-22T22:01:58 EEST" duration-ms="46697" status="PASS">
          <params>
            <param index="0">
              <value>
                <![CDATA[labepamfive]]>
              </value>
            </param>
            <param index="1">
              <value>
                <![CDATA[lab123456epam]]>
              </value>
            </param>
            <param index="2">
              <value>
                <![CDATA[labepamreceiver@gmail.com]]>
              </value>
            </param>
            <param index="3">
              <value>
                <![CDATA[TestMail]]>
              </value>
            </param>
            <param index="4">
              <value>
                <![CDATA[Test Letter Text]]>
              </value>
            </param>
          </params>
          <reporter-output>
          </reporter-output>
        </test-method> <!-- testSendMailFromActiveAccountCheckInSentDeleteLetter -->
        <test-method is-config="true" signature="tearDown()[pri:0, instance:SendMailTest@d83da2e]" started-at="2021-04-22T22:01:57 EEST" name="tearDown" finished-at="2021-04-22T22:01:59 EEST" duration-ms="1463" status="PASS">
          <reporter-output>
          </reporter-output>
        </test-method> <!-- tearDown -->
        <test-method is-config="true" signature="tearDown()[pri:0, instance:SendMailTest@d83da2e]" started-at="2021-04-22T22:01:58 EEST" name="tearDown" finished-at="2021-04-22T22:01:59 EEST" duration-ms="1016" status="PASS">
          <reporter-output>
          </reporter-output>
        </test-method> <!-- tearDown -->
      </class> <!-- SendMailTest -->
    </test> <!-- TestSendMail -->
  </suite> <!-- GmailTestSuite -->
</testng-results>
